_SHOP_actionBasket.php::1468937646
_SHOP_buyPay.php::1467989230
_SHOP_Msg_dispute.php::1469796553
_SHOP_DooOrder.php::1470043761
_SHOP_MyBasket.php::1469781173
import_to_modx.php::1467989230
StrToLower.php::1467989230
_response.php::1468331247
AJAX.php::1467989230
logSendedMessage.php::1468497263
checkSMScode.php::1467989230
sendQuickSMS.php::1470044001
sendQuickEmail.php::1470044005
seeCounterItem.php::1467989230
AjaxSearch.php::1467989230
GetLvl.php::1467989230
eForm.php::1467989230
GetIdOnLvl.php::1467989230
_LK_getStatisticHTML.php::1467989230
_LK_generateBlankExcell_v2.php::1467989230
_LK_LeftMenu.php::1469617881
_LK_myOrdersOpenedDispute.php::1469614580
_LK_generateBlankExcell.php::1467989230
_LK_itemEdit.php::1468501380
_LK_statistic.php::1467989230
_LK_finances.php::1469622584
_LK_Msg_Main_2.php::1467989230
_LK_myOrdersHistoryList.php::1469622802
_LK_myOrdersList.php::1468922093
_LK_UserPanel.php::1467989230
_LK_Msg_actions.php::1467989230
_LK_sellers_MyItems.php::1467989230
_LK_UserInfo.php::1467989230
_LK_Msg_actions_2.php::1467989230
_LK_Request_Price.php::1469623316
_LK_Reg.php::1467989230
_LK_My_Favour.php::1469614736
_LK_Msg_Main.php::1467989230
_LK_Restore_Password.php::1467989230
_LK_Auth.php::1467989230
_LK_.php::1467989230
_LK_generateExcell_v2.php::1467989230
_LK_getStatistic.php::1467989230
PSEVDOROBOKASSA.php::1467989230
spentPrepayment.php::1467989230
spentCoins.php::1467989230
sellerUpCoins.php::1467989230
GenerAlias.php::1467989230
Ditto.php::1467989230
Jot.php::1467989230
Reflect.php::1467989230
phpthumb.php::1467989230
DocLister.php::1467989230
buildTree.php::1467989230
ImgCrop6.php::1467989861
base64.php::1467989230
AJAX2.php::1469449402
action1c.php::1467989230
file_from_1c.php::1467989230
MemberCheck.php::1467989230
WebLogin.php::1467989230
WebChangePwd.php::1467989230
Personalize.php::1467989230
WebSignup.php::1467989230
Price.php::1467989230
str_replace.php::1467989230
GetDoc6.php::1467989230
ExchangeRates.php::1468855465
CAT_ITEM.php::1469779734
responseToCatItem.php::1468332897
ExchangeRates_Price.php::1467989230
_CAT_sellersBlock.php::1469719255
Catalog_BigMenu.php::1467989230
CATALOG.php::1469615094
ExchangeRates_Info.php::1467989230
Catalog_TopSearch.php::1467989230
AdAJAX.php::1469796274
FirstChildRedirect.php::1467989230
ListIndexer.php::1467989230
if.php::1467989230
Breadcrumbs.php::1467989230
UltimateParent.php::1467989230
Wayfinder.php::1467989230
_SHOP_LoadBilling.php::1467989230
WayfinderScorn.php::1467989230
_SellersPage.php::1469715966
_LK_getCountEvent.php::1469622268
GenerPassword.php::1467989230
DMTCaptcha.php::1467989230
Alt.php::1467989230
_getLinkToItem.php::1468588315
