buildTree.snp::1467967865
_SHOP_actionBasket.snp::1467967865
_SHOP_DooOrder.snp::1467967865
_SHOP_Msg_dispute.snp::1467967865
_SHOP_MyBasket.snp::1467967865
_SHOP_buyPay.snp::1467967865
StrToLower.snp::1467967865
base64.snp::1467967865
GetDoc6.snp::1467967865
DMTCaptcha.snp::1467967865
sendQuickSMS.snp::1467967865
logSendedMessage.snp::1467967865
checkSMScode.snp::1467967865
Price.snp::1467967865
GenerPassword.snp::1467967865
AjaxSearch.snp::1467967865
seeCounterItem.snp::1467967865
_SHOP_LoadBilling.snp::1467967865
eForm.snp::1467967865
ImgCrop6.snp::1467967865
import_to_modx.snp::1467967865
_LK_sellers_MyItems.snp::1467967865
_LK_.snp::1467967865
_LK_LeftMenu.snp::1467967865
_LK_finances.snp::1467967865
_LK_generateBlankExcell.snp::1467967865
_LK_UserPanel.snp::1467967865
_LK_getStatisticHTML.snp::1467967865
_LK_Msg_Main_2.snp::1467967865
_LK_myOrdersHistoryList.snp::1467967865
_LK_Msg_Main.snp::1467967865
_LK_myOrdersOpenedDispute.snp::1467967865
_LK_Auth.snp::1467967865
_LK_statistic.snp::1467967865
_LK_Msg_actions_2.snp::1467967865
_LK_getStatistic.snp::1467967865
_LK_Reg.snp::1467967865
_LK_generateExcell_v2.snp::1467967865
_LK_Msg_actions.snp::1467967865
_LK_generateBlankExcell_v2.snp::1467967865
_LK_Request_Price.snp::1467967865
_LK_UserInfo.snp::1467967865
_LK_Restore_Password.snp::1467967865
_LK_My_Favour.snp::1467967865
_LK_myOrdersList.snp::1467967865
_LK_itemEdit.snp::1467967865
Alt.snp::1467967865
PSEVDOROBOKASSA.snp::1467967865
spentCoins.snp::1467967865
sellerUpCoins.snp::1467967865
spentPrepayment.snp::1467967865
DocLister.snp::1467967865
Reflect.snp::1467967865
Ditto.snp::1467967865
Jot.snp::1467967865
phpthumb.snp::1467967865
GetLvl.snp::1467967865
file_from_1c.snp::1467967865
action1c.snp::1467967865
WebChangePwd.snp::1467967865
WebSignup.snp::1467967865
MemberCheck.snp::1467967865
WebLogin.snp::1467967865
Personalize.snp::1467967865
GetIdOnLvl.snp::1467967865
GenerAlias.snp::1467967865
AdAJAX.snp::1467967865
_LK_getCountEvent.snp::1467967865
AJAX2.snp::1467967865
WayfinderScorn.snp::1467967865
CAT_ITEM.snp::1467967865
CATALOG.snp::1467967865
ExchangeRates_Info.snp::1467967865
ExchangeRates.snp::1467967865
Catalog_BigMenu.snp::1467967865
Catalog_TopSearch.snp::1467967865
ExchangeRates_Price.snp::1467967865
UltimateParent.snp::1467967865
Wayfinder.snp::1467967865
ListIndexer.snp::1467967865
Breadcrumbs.snp::1467967865
FirstChildRedirect.snp::1467967865
if.snp::1467967865
_response.snp::1467967865
str_replace.snp::1467967865
AJAX.snp::1467967865
